#
# There is insufficient memory for the Java Runtime Environment to continue.
# Native memory allocation (malloc) failed to allocate 1704656 bytes for Chunk::new
# Possible reasons:
#   The system is out of physical RAM or swap space
#   In 32 bit mode, the process size limit was hit
# Possible solutions:
#   Reduce memory load on the system
#   Increase physical memory or swap space
#   Check if swap backing store is full
#   Use 64 bit Java on a 64 bit OS
#   Decrease Java heap size (-Xmx/-Xms)
#   Decrease number of Java threads
#   Decrease Java thread stack sizes (-Xss)
#   Set larger code cache with -XX:ReservedCodeCacheSize=
# This output file may be truncated or incomplete.
#
#  Out of Memory Error (allocation.cpp:390), pid=101916, tid=183380
#
# JRE version: Java(TM) SE Runtime Environment (8.0_20-b26) (build 1.8.0_20-b26)
# Java VM: Java HotSpot(TM) 64-Bit Server VM (25.20-b23 mixed mode windows-amd64 compressed oops)
# Failed to write core dump. Minidumps are not enabled by default on client versions of Windows
#

---------------  T H R E A D  ---------------

Current thread (0x000000001628d000):  JavaThread "C2 CompilerThread1" daemon [_thread_in_native, id=183380, stack(0x0000000016900000,0x0000000016a00000)]

Stack: [0x0000000016900000,0x0000000016a00000]
Native frames: (J=compiled Java code, j=interpreted, Vv=VM code, C=native code)
V  [jvm.dll+0x3152fa]
V  [jvm.dll+0x265d03]
V  [jvm.dll+0x266943]
V  [jvm.dll+0x25e265]
V  [jvm.dll+0xbe255]
V  [jvm.dll+0xbe6fc]
V  [jvm.dll+0x45c472]
V  [jvm.dll+0x49d76f]
V  [jvm.dll+0x451438]
V  [jvm.dll+0x452634]
V  [jvm.dll+0x435fc2]
V  [jvm.dll+0x97b62]
V  [jvm.dll+0x98353]
V  [jvm.dll+0x22aac4]
V  [jvm.dll+0x283f5a]
C  [msvcr100.dll+0x21d9f]
C  [msvcr100.dll+0x21e3b]
C  [KERNEL32.DLL+0x8364]
C  [ntdll.dll+0x670d1]


Current CompileTask:
C2:   4193 1666       4       net.sourceforge.htmlunit.corejs.javascript.IRFactory::transform (1132 bytes)


---------------  P R O C E S S  ---------------

Java Threads: ( => current thread )
  0x0000000016e0c000 JavaThread "ReaderThread" [_thread_in_native, id=320524, stack(0x0000000017600000,0x0000000017700000)]
  0x00000000162fb800 JavaThread "Service Thread" daemon [_thread_blocked, id=316220, stack(0x0000000016c00000,0x0000000016d00000)]
  0x00000000162a8800 JavaThread "C1 CompilerThread3" daemon [_thread_blocked, id=324168, stack(0x0000000016b00000,0x0000000016c00000)]
  0x00000000162a7000 JavaThread "C2 CompilerThread2" daemon [_thread_in_native, id=325320, stack(0x0000000016a00000,0x0000000016b00000)]
=>0x000000001628d000 JavaThread "C2 CompilerThread1" daemon [_thread_in_native, id=183380, stack(0x0000000016900000,0x0000000016a00000)]
  0x000000001628a800 JavaThread "C2 CompilerThread0" daemon [_thread_in_native, id=319936, stack(0x0000000016800000,0x0000000016900000)]
  0x000000001413d800 JavaThread "Attach Listener" daemon [_thread_blocked, id=326184, stack(0x0000000016700000,0x0000000016800000)]
  0x0000000016287800 JavaThread "Signal Dispatcher" daemon [_thread_blocked, id=330668, stack(0x0000000016600000,0x0000000016700000)]
  0x0000000003137800 JavaThread "Finalizer" daemon [_thread_blocked, id=244328, stack(0x0000000016000000,0x0000000016100000)]
  0x0000000003131000 JavaThread "Reference Handler" daemon [_thread_blocked, id=155692, stack(0x0000000015f00000,0x0000000016000000)]
  0x0000000002f3e800 JavaThread "main" [_thread_in_native, id=314708, stack(0x0000000002f40000,0x0000000003040000)]

Other Threads:
  0x0000000014128800 VMThread [stack: 0x0000000015e00000,0x0000000015f00000] [id=320996]
  0x0000000016304800 WatcherThread [stack: 0x0000000016d00000,0x0000000016e00000] [id=322200]

VM state:not at safepoint (normal execution)

VM Mutex/Monitor currently owned by a thread: None

Heap:
 PSYoungGen      total 46592K, used 22248K [0x00000000fa300000, 0x00000000fd700000, 0x0000000100000000)
  eden space 39936K, 39% used [0x00000000fa300000,0x00000000fb23f978,0x00000000fca00000)
  from space 6656K, 99% used [0x00000000fca00000,0x00000000fd07a928,0x00000000fd080000)
  to   space 6656K, 0% used [0x00000000fd080000,0x00000000fd080000,0x00000000fd700000)
 ParOldGen       total 106496K, used 5513K [0x00000000ee800000, 0x00000000f5000000, 0x00000000fa300000)
  object space 106496K, 5% used [0x00000000ee800000,0x00000000eed62768,0x00000000f5000000)
 Metaspace       used 18554K, capacity 18758K, committed 19072K, reserved 1064960K
  class space    used 3520K, capacity 3595K, committed 3712K, reserved 1048576K

Card table byte_map: [0x0000000012500000,0x0000000012590000] byte_map_base: 0x0000000011d8c000

Marking Bits: (ParMarkBitMap*) 0x000000005eadb460
 Begin Bits: [0x0000000012df0000, 0x0000000013250000)
 End Bits:   [0x0000000013250000, 0x00000000136b0000)

Polling page: 0x0000000002eb0000

CodeCache: size=245760Kb used=6936Kb max_used=6966Kb free=238823Kb
 bounds [0x0000000003140000, 0x0000000003820000, 0x0000000012140000]
 total_blobs=2181 nmethods=1780 adapters=314
 compilation: enabled

Compilation events (10 events):
Event: 4.165 Thread 0x00000000162a8800 nmethod 1797 0x00000000037f9990 code [0x00000000037f9ae0, 0x00000000037f9c50]
Event: 4.165 Thread 0x00000000162a8800 1798       2       net.sourceforge.htmlunit.cyberneko.HTMLElements$Element::<init> (43 bytes)
Event: 4.165 Thread 0x00000000162a8800 nmethod 1798 0x00000000037f9d50 code [0x00000000037f9ea0, 0x00000000037fa050]
Event: 4.165 Thread 0x00000000162a8800 1799       2       net.sourceforge.htmlunit.cyberneko.HTMLElements::defineParents (69 bytes)
Event: 4.165 Thread 0x00000000162a8800 nmethod 1799 0x00000000037fa0d0 code [0x00000000037fa260, 0x00000000037fa6e8]
Event: 4.169 Thread 0x00000000162a8800 1800       1       com.gargoylesoftware.htmlunit.SgmlPage::getWebClient (5 bytes)
Event: 4.169 Thread 0x00000000162a8800 nmethod 1800 0x00000000037faa50 code [0x00000000037faba0, 0x00000000037facb0]
Event: 4.169 Thread 0x00000000162a8800 1801       2       net.sourceforge.htmlunit.cyberneko.HTMLElements$Element::<init> (19 bytes)
Event: 4.169 Thread 0x00000000162a8800 nmethod 1801 0x00000000037fad10 code [0x00000000037fae80, 0x00000000037fb0a8]
Event: 4.169 Thread 0x00000000162a8800 1802       2       java.util.ArrayList::indexOf (67 bytes)

GC Heap History (6 events):
Event: 1.093 GC heap before
{Heap before GC invocations=1 (full 0):
 PSYoungGen      total 46592K, used 39936K [0x00000000fa300000, 0x00000000fd700000, 0x0000000100000000)
  eden space 39936K, 100% used [0x00000000fa300000,0x00000000fca00000,0x00000000fca00000)
  from space 6656K, 0% used [0x00000000fd080000,0x00000000fd080000,0x00000000fd700000)
  to   space 6656K, 0% used [0x00000000fca00000,0x00000000fca00000,0x00000000fd080000)
 ParOldGen       total 106496K, used 0K [0x00000000ee800000, 0x00000000f5000000, 0x00000000fa300000)
  object space 106496K, 0% used [0x00000000ee800000,0x00000000ee800000,0x00000000f5000000)
 Metaspace       used 8544K, capacity 8704K, committed 8960K, reserved 1056768K
  class space    used 936K, capacity 981K, committed 1024K, reserved 1048576K
Event: 1.098 GC heap after
Heap after GC invocations=1 (full 0):
 PSYoungGen      total 46592K, used 4111K [0x00000000fa300000, 0x00000000fd700000, 0x0000000100000000)
  eden space 39936K, 0% used [0x00000000fa300000,0x00000000fa300000,0x00000000fca00000)
  from space 6656K, 61% used [0x00000000fca00000,0x00000000fce03d30,0x00000000fd080000)
  to   space 6656K, 0% used [0x00000000fd080000,0x00000000fd080000,0x00000000fd700000)
 ParOldGen       total 106496K, used 16K [0x00000000ee800000, 0x00000000f5000000, 0x00000000fa300000)
  object space 106496K, 0% used [0x00000000ee800000,0x00000000ee804000,0x00000000f5000000)
 Metaspace       used 8544K, capacity 8704K, committed 8960K, reserved 1056768K
  class space    used 936K, capacity 981K, committed 1024K, reserved 1048576K
}
Event: 1.570 GC heap before
{Heap before GC invocations=2 (full 0):
 PSYoungGen      total 46592K, used 44047K [0x00000000fa300000, 0x00000000fd700000, 0x0000000100000000)
  eden space 39936K, 100% used [0x00000000fa300000,0x00000000fca00000,0x00000000fca00000)
  from space 6656K, 61% used [0x00000000fca00000,0x00000000fce03d30,0x00000000fd080000)
  to   space 6656K, 0% used [0x00000000fd080000,0x00000000fd080000,0x00000000fd700000)
 ParOldGen       total 106496K, used 16K [0x00000000ee800000, 0x00000000f5000000, 0x00000000fa300000)
  object space 106496K, 0% used [0x00000000ee800000,0x00000000ee804000,0x00000000f5000000)
 Metaspace       used 12631K, capacity 12842K, committed 12928K, reserved 1058816K
  class space    used 2596K, capacity 2652K, committed 2688K, reserved 1048576K
Event: 1.576 GC heap after
Heap after GC invocations=2 (full 0):
 PSYoungGen      total 46592K, used 6648K [0x00000000fa300000, 0x00000000fd700000, 0x0000000100000000)
  eden space 39936K, 0% used [0x00000000fa300000,0x00000000fa300000,0x00000000fca00000)
  from space 6656K, 99% used [0x00000000fd080000,0x00000000fd6fe198,0x00000000fd700000)
  to   space 6656K, 0% used [0x00000000fca00000,0x00000000fca00000,0x00000000fd080000)
 ParOldGen       total 106496K, used 500K [0x00000000ee800000, 0x00000000f5000000, 0x00000000fa300000)
  object space 106496K, 0% used [0x00000000ee800000,0x00000000ee87d060,0x00000000f5000000)
 Metaspace       used 12631K, capacity 12842K, committed 12928K, reserved 1058816K
  class space    used 2596K, capacity 2652K, committed 2688K, reserved 1048576K
}
Event: 3.333 GC heap before
{Heap before GC invocations=3 (full 0):
 PSYoungGen      total 46592K, used 46584K [0x00000000fa300000, 0x00000000fd700000, 0x0000000100000000)
  eden space 39936K, 100% used [0x00000000fa300000,0x00000000fca00000,0x00000000fca00000)
  from space 6656K, 99% used [0x00000000fd080000,0x00000000fd6fe198,0x00000000fd700000)
  to   space 6656K, 0% used [0x00000000fca00000,0x00000000fca00000,0x00000000fd080000)
 ParOldGen       total 106496K, used 500K [0x00000000ee800000, 0x00000000f5000000, 0x00000000fa300000)
  object space 106496K, 0% used [0x00000000ee800000,0x00000000ee87d060,0x00000000f5000000)
 Metaspace       used 17101K, capacity 17318K, committed 17536K, reserved 1062912K
  class space    used 3367K, capacity 3435K, committed 3456K, reserved 1048576K
Event: 3.341 GC heap after
Heap after GC invocations=3 (full 0):
 PSYoungGen      total 46592K, used 6634K [0x00000000fa300000, 0x00000000fd700000, 0x0000000100000000)
  eden space 39936K, 0% used [0x00000000fa300000,0x00000000fa300000,0x00000000fca00000)
  from space 6656K, 99% used [0x00000000fca00000,0x00000000fd07a928,0x00000000fd080000)
  to   space 6656K, 0% used [0x00000000fd080000,0x00000000fd080000,0x00000000fd700000)
 ParOldGen       total 106496K, used 5513K [0x00000000ee800000, 0x00000000f5000000, 0x00000000fa300000)
  object space 106496K, 5% used [0x00000000ee800000,0x00000000eed62768,0x00000000f5000000)
 Metaspace       used 17101K, capacity 17318K, committed 17536K, reserved 1062912K
  class space    used 3367K, capacity 3435K, committed 3456K, reserved 1048576K
}

Deoptimization events (10 events):
Event: 3.331 Thread 0x0000000002f3e800 Uncommon trap: reason=bimorphic action=maybe_recompile pc=0x00000000036337b0 method=java.util.Collections$UnmodifiableCollection$1.next()Ljava/lang/Object; @ 4
Event: 3.331 Thread 0x0000000002f3e800 Uncommon trap: reason=bimorphic action=maybe_recompile pc=0x00000000036337b0 method=java.util.Collections$UnmodifiableCollection$1.next()Ljava/lang/Object; @ 4
Event: 3.331 Thread 0x0000000002f3e800 Uncommon trap: reason=bimorphic action=maybe_recompile pc=0x00000000036337b0 method=java.util.Collections$UnmodifiableCollection$1.next()Ljava/lang/Object; @ 4
Event: 3.331 Thread 0x0000000002f3e800 Uncommon trap: reason=bimorphic action=maybe_recompile pc=0x00000000036337b0 method=java.util.Collections$UnmodifiableCollection$1.next()Ljava/lang/Object; @ 4
Event: 3.346 Thread 0x0000000002f3e800 Uncommon trap: reason=unloaded action=reinterpret pc=0x000000000360ff74 method=java.lang.CharacterData.of(I)Ljava/lang/CharacterData; @ 96
Event: 4.027 Thread 0x0000000002f3e800 Uncommon trap: reason=unreached action=reinterpret pc=0x000000000370d538 method=net.sourceforge.htmlunit.corejs.javascript.ObjToIntMap.ensureIndex(Ljava/lang/Object;)I @ 14
Event: 4.164 Thread 0x0000000002f3e800 Uncommon trap: reason=class_check action=maybe_recompile pc=0x00000000033131e8 method=java.lang.String.equals(Ljava/lang/Object;)Z @ 8
Event: 4.164 Thread 0x0000000002f3e800 Uncommon trap: reason=class_check action=maybe_recompile pc=0x00000000033131e8 method=java.lang.String.equals(Ljava/lang/Object;)Z @ 8
Event: 4.168 Thread 0x0000000002f3e800 Uncommon trap: reason=class_check action=maybe_recompile pc=0x00000000033131e8 method=java.lang.String.equals(Ljava/lang/Object;)Z @ 8
Event: 4.168 Thread 0x0000000002f3e800 Uncommon trap: reason=class_check action=maybe_recompile pc=0x00000000033131e8 method=java.lang.String.equals(Ljava/lang/Object;)Z @ 8

Internal exceptions (10 events):
Event: 4.149 Thread 0x0000000002f3e800 Exception <a 'java/security/PrivilegedActionException'> (0x00000000fb0cf240) thrown at [D:\re\workspace\8-2-build-windows-amd64-cygwin\jdk8u20\1074\hotspot\src\share\vm\prims\jvm.cpp, line 1275]
Event: 4.150 Thread 0x0000000002f3e800 Exception <a 'java/security/PrivilegedActionException'> (0x00000000fb0d6a88) thrown at [D:\re\workspace\8-2-build-windows-amd64-cygwin\jdk8u20\1074\hotspot\src\share\vm\prims\jvm.cpp, line 1275]
Event: 4.150 Thread 0x0000000002f3e800 Exception <a 'java/security/PrivilegedActionException'> (0x00000000fb0df7d8) thrown at [D:\re\workspace\8-2-build-windows-amd64-cygwin\jdk8u20\1074\hotspot\src\share\vm\prims\jvm.cpp, line 1275]
Event: 4.151 Thread 0x0000000002f3e800 Exception <a 'java/security/PrivilegedActionException'> (0x00000000fb0e75f0) thrown at [D:\re\workspace\8-2-build-windows-amd64-cygwin\jdk8u20\1074\hotspot\src\share\vm\prims\jvm.cpp, line 1275]
Event: 4.155 Thread 0x0000000002f3e800 Exception <a 'java/security/PrivilegedActionException'> (0x00000000fb0f6c88) thrown at [D:\re\workspace\8-2-build-windows-amd64-cygwin\jdk8u20\1074\hotspot\src\share\vm\prims\jvm.cpp, line 1275]
Event: 4.156 Thread 0x0000000002f3e800 Exception <a 'java/security/PrivilegedActionException'> (0x00000000fb0fef58) thrown at [D:\re\workspace\8-2-build-windows-amd64-cygwin\jdk8u20\1074\hotspot\src\share\vm\prims\jvm.cpp, line 1275]
Event: 4.158 Thread 0x0000000002f3e800 Exception <a 'java/security/PrivilegedActionException'> (0x00000000fb1161e8) thrown at [D:\re\workspace\8-2-build-windows-amd64-cygwin\jdk8u20\1074\hotspot\src\share\vm\prims\jvm.cpp, line 1275]
Event: 4.161 Thread 0x0000000002f3e800 Exception <a 'java/security/PrivilegedActionException'> (0x00000000fb1274e0) thrown at [D:\re\workspace\8-2-build-windows-amd64-cygwin\jdk8u20\1074\hotspot\src\share\vm\prims\jvm.cpp, line 1275]
Event: 4.167 Thread 0x0000000002f3e800 Exception <a 'java/security/PrivilegedActionException'> (0x00000000fb149818) thrown at [D:\re\workspace\8-2-build-windows-amd64-cygwin\jdk8u20\1074\hotspot\src\share\vm\prims\jvm.cpp, line 1275]
Event: 4.168 Thread 0x0000000002f3e800 Exception <a 'java/security/PrivilegedActionException'> (0x00000000fb1508b8) thrown at [D:\re\workspace\8-2-build-windows-amd64-cygwin\jdk8u20\1074\hotspot\src\share\vm\prims\jvm.cpp, line 1275]

Events (10 events):
Event: 4.167 loading class com/gargoylesoftware/htmlunit/html/SiblingDomNodeList
Event: 4.167 loading class com/gargoylesoftware/htmlunit/html/SiblingDomNodeList done
Event: 4.168 loading class com/gargoylesoftware/htmlunit/html/SiblingDomNodeList$SiblingListIterator
Event: 4.168 loading class com/gargoylesoftware/htmlunit/html/SiblingDomNodeList$SiblingListIterator done
Event: 4.168 Thread 0x0000000002f3e800 Uncommon trap: trap_request=0xffffffde fr.pc=0x00000000033131e8
Event: 4.168 Thread 0x0000000002f3e800 DEOPT PACKING pc=0x00000000033131e8 sp=0x000000000303ce30
Event: 4.168 Thread 0x0000000002f3e800 DEOPT UNPACKING pc=0x000000000318556a sp=0x000000000303cdc0 mode 2
Event: 4.168 Thread 0x0000000002f3e800 Uncommon trap: trap_request=0xffffffde fr.pc=0x00000000033131e8
Event: 4.168 Thread 0x0000000002f3e800 DEOPT PACKING pc=0x00000000033131e8 sp=0x000000000303ce30
Event: 4.168 Thread 0x0000000002f3e800 DEOPT UNPACKING pc=0x000000000318556a sp=0x000000000303cdc0 mode 2


Dynamic libraries:
0x00007ff6d0ff0000 - 0x00007ff6d1024000 	C:\Program Files\Java\jre1.8.0_20\bin\javaw.exe
0x00007ff827410000 - 0x00007ff8275e1000 	C:\WINDOWS\SYSTEM32\ntdll.dll
0x00007ff826d40000 - 0x00007ff826deb000 	C:\WINDOWS\System32\KERNEL32.DLL
0x00007ff823c80000 - 0x00007ff823e9d000 	C:\WINDOWS\System32\KERNELBASE.dll
0x00007ff821dd0000 - 0x00007ff821e4a000 	C:\WINDOWS\system32\apphelp.dll
0x00007ff827190000 - 0x00007ff827232000 	C:\WINDOWS\System32\ADVAPI32.dll
0x00007ff8264f0000 - 0x00007ff82658e000 	C:\WINDOWS\System32\msvcrt.dll
0x00007ff824c60000 - 0x00007ff824cb9000 	C:\WINDOWS\System32\sechost.dll
0x00007ff824990000 - 0x00007ff824ab1000 	C:\WINDOWS\System32\RPCRT4.dll
0x00007ff824cc0000 - 0x00007ff824e25000 	C:\WINDOWS\System32\USER32.dll
0x00007ff823c60000 - 0x00007ff823c7e000 	C:\WINDOWS\System32\win32u.dll
0x00007ff826590000 - 0x00007ff8265c4000 	C:\WINDOWS\System32\GDI32.dll
0x00007ff824720000 - 0x00007ff8248a2000 	C:\WINDOWS\System32\gdi32full.dll
0x00007ff8131f0000 - 0x00007ff813469000 	C:\WINDOWS\WinSxS\amd64_microsoft.windows.common-controls_6595b64144ccf1df_6.0.14393.447_none_42191651c6827bb3\COMCTL32.dll
0x00007ff826ec0000 - 0x00007ff827188000 	C:\WINDOWS\System32\combase.dll
0x00007ff823ab0000 - 0x00007ff823ba5000 	C:\WINDOWS\System32\ucrtbase.dll
0x00007ff8248b0000 - 0x00007ff82491a000 	C:\WINDOWS\System32\bcryptPrimitives.dll
0x00007ff824e30000 - 0x00007ff824e5e000 	C:\WINDOWS\System32\IMM32.DLL
0x000000005f290000 - 0x000000005f362000 	C:\Program Files\Java\jre1.8.0_20\bin\msvcr100.dll
0x000000005e300000 - 0x000000005eb58000 	C:\Program Files\Java\jre1.8.0_20\bin\server\jvm.dll
0x00007ff8267d0000 - 0x00007ff8267d8000 	C:\WINDOWS\System32\PSAPI.DLL
0x00007ff814f40000 - 0x00007ff814f49000 	C:\WINDOWS\SYSTEM32\WSOCK32.dll
0x00007ff821ce0000 - 0x00007ff821d03000 	C:\WINDOWS\SYSTEM32\WINMM.dll
0x00007ff826e50000 - 0x00007ff826eba000 	C:\WINDOWS\System32\WS2_32.dll
0x00007ff821c80000 - 0x00007ff821cab000 	C:\WINDOWS\SYSTEM32\WINMMBASE.dll
0x00007ff8246d0000 - 0x00007ff824712000 	C:\WINDOWS\System32\cfgmgr32.dll
0x000000005f280000 - 0x000000005f28f000 	C:\Program Files\Java\jre1.8.0_20\bin\verify.dll
0x000000005f250000 - 0x000000005f278000 	C:\Program Files\Java\jre1.8.0_20\bin\java.dll
0x000000005f230000 - 0x000000005f246000 	C:\Program Files\Java\jre1.8.0_20\bin\zip.dll
0x00007ff824fe0000 - 0x00007ff8264e9000 	C:\WINDOWS\System32\SHELL32.dll
0x00007ff823ea0000 - 0x00007ff82457a000 	C:\WINDOWS\System32\windows.storage.dll
0x00007ff823880000 - 0x00007ff8238cc000 	C:\WINDOWS\System32\powrprof.dll
0x00007ff8273b0000 - 0x00007ff827402000 	C:\WINDOWS\System32\shlwapi.dll
0x00007ff823870000 - 0x00007ff82387f000 	C:\WINDOWS\System32\kernel.appcore.dll
0x00007ff824580000 - 0x00007ff824629000 	C:\WINDOWS\System32\shcore.dll
0x00007ff823850000 - 0x00007ff823864000 	C:\WINDOWS\System32\profapi.dll
0x000000005f210000 - 0x000000005f22a000 	C:\Program Files\Java\jre1.8.0_20\bin\net.dll
0x00007ff823020000 - 0x00007ff82307c000 	C:\WINDOWS\system32\mswsock.dll
0x000000005f1e0000 - 0x000000005f204000 	C:\Program Files\Java\jre1.8.0_20\bin\sunec.dll
0x00007ff823290000 - 0x00007ff8232a7000 	C:\WINDOWS\SYSTEM32\CRYPTSP.dll
0x00007ff8231a0000 - 0x00007ff8231d3000 	C:\WINDOWS\system32\rsaenh.dll
0x00007ff823790000 - 0x00007ff8237bb000 	C:\WINDOWS\SYSTEM32\bcrypt.dll
0x00007ff822ea0000 - 0x00007ff822ebf000 	C:\WINDOWS\SYSTEM32\USERENV.dll
0x00007ff8232b0000 - 0x00007ff8232bb000 	C:\WINDOWS\SYSTEM32\CRYPTBASE.dll
0x00007ff822db0000 - 0x00007ff822de8000 	C:\WINDOWS\SYSTEM32\IPHLPAPI.DLL
0x00007ff8267e0000 - 0x00007ff8267e8000 	C:\WINDOWS\System32\NSI.dll
0x00007ff81d3f0000 - 0x00007ff81d406000 	C:\WINDOWS\SYSTEM32\dhcpcsvc6.DLL
0x00007ff81d3d0000 - 0x00007ff81d3ea000 	C:\WINDOWS\SYSTEM32\dhcpcsvc.DLL
0x000000005f1c0000 - 0x000000005f1d1000 	C:\Program Files\Java\jre1.8.0_20\bin\nio.dll
0x00007ff822df0000 - 0x00007ff822e90000 	C:\WINDOWS\SYSTEM32\DNSAPI.dll
0x0000000060d50000 - 0x0000000060d76000 	C:\Program Files\Bonjour\mdnsNSP.dll
0x00007ff819d00000 - 0x00007ff819d0a000 	C:\Windows\System32\rasadhlp.dll
0x00007ff81a440000 - 0x00007ff81a4aa000 	C:\WINDOWS\System32\fwpuclnt.dll
0x00007ff815950000 - 0x00007ff815ae2000 	C:\WINDOWS\SYSTEM32\dbghelp.dll

VM Arguments:
jvm_args: -Xms156m -Xmx280m -Dfile.encoding=UTF-8 
java_command: org.eclipse.jdt.internal.junit.runner.RemoteTestRunner -version 3 -port 11665 -testLoaderClass org.eclipse.jdt.internal.junit4.runner.JUnit4TestLoader -loaderpluginname org.eclipse.jdt.junit4.runtime -classNames com.ydcun.weixin.ArticleDownload
java_class_path (initial): F:\workspace\GitHub\Java\java\target\test-classes;F:\workspace\GitHub\Java\java\target\classes;F:\workspace\GitHub\Java\java\jacob.jar;F:\workspace\GitHub\Java\java\sigar.jar;C:\eclipse\plugins\org.junit_4.12.0.v201504281640\junit.jar;C:\eclipse\plugins\org.hamcrest.core_1.3.0.v201303031735.jar;E:\sync\maven\repository\javax\servlet\jstl\1.2\jstl-1.2.jar;E:\sync\maven\repository\javax\el\javax.el-api\2.2.4\javax.el-api-2.2.4.jar;E:\sync\maven\repository\javax\servlet\jsp\jsp-api\2.2\jsp-api-2.2.jar;E:\sync\maven\repository\javax\servlet\servlet-api\2.5\servlet-api-2.5.jar;E:\sync\maven\repository\commons-beanutils\commons-beanutils\1.9.2\commons-beanutils-1.9.2.jar;E:\sync\maven\repository\commons-logging\commons-logging\1.1.1\commons-logging-1.1.1.jar;E:\sync\maven\repository\commons-collections\commons-collections\3.2.1\commons-collections-3.2.1.jar;E:\sync\maven\repository\mysql\mysql-connector-java\5.1.29\mysql-connector-java-5.1.29.jar;E:\sync\maven\repository\net\sourceforge\htmlunit\htmlunit\2.23\htmlunit-2.23.jar;E:\sync\maven\repository\xalan\xalan\2.7.2\xalan-2.7.2.jar;E:\sync\maven\repository\xalan\serializer\2.7.2\serializer-2.7.2.jar;E:\sync\maven\repository\org\apache\commons\commons-lang3\3.4\commons-lang3-3.4.jar;E:\sync\maven\repository\org\apache\httpcomponents\httpclient\4.5.2\httpclient-4.5.2.jar;E:\sync\maven\repository\org\apache\httpcomponents\httpcore\4.4.4\httpcore-4.4.4.jar;E:\sync\maven\repository\org\apache\httpcomponents\httpmime\4.5.2\httpmime-4.5.2.jar;E:\sync\maven\repository\commons-codec\commons-codec\1.10\commons-codec-1.10.jar;E:\sync\maven\repository\net\sourceforge\htmlunit\htmlunit-core-js\2.23\htmlunit-core-js-2.23.jar;E:\sync\maven\repository\net\sourceforge\htmlunit\neko-htmlunit\2.23\neko-htmlunit-2.23.jar;E:\sync\maven\repository\xerces\xercesImpl\2.11.0\xercesImpl-2.11.0.jar;E:\sync\maven\repository\xml-apis\xml-apis\1.4.01\xml-apis-1.4.01.jar;E:\sync\maven\repository\net\sourceforge\cssparser
Launcher Type: SUN_STANDARD

Environment Variables:
JAVA_HOME=C:\Program Files\Java\jdk1.8.0_20
CLASSPATH=.;C:\Program Files\Java\jdk1.8.0_20\lib\dt.jar;C:\Program Files\Java\jdk1.8.0_20\lib\tools.jar;.;D:\Program Files\Weka-3-9\lib\mysql-connector-java-5.1.6-bin.jar;C:\Program Files\Java\jdk1.8.0_20\jre\lib\ext\mysql-connector-java-5.1.6-bin.jar;F:\ydcunWorkSpace\Tamcat\apache-tomcat-8.0.28\lib\servlet-api.jar
PATH=C:/Program Files/Java/jdk1.8.0_20/bin/../jre/bin/server;C:/Program Files/Java/jdk1.8.0_20/bin/../jre/bin;C:/Program Files/Java/jdk1.8.0_20/bin/../jre/lib/amd64;C:\Program Files\NVIDIA GPU Computing Toolkit\CUDA\v8.0\bin;C:\Program Files\NVIDIA GPU Computing Toolkit\CUDA\v8.0\libnvvp;C:\WINDOWS\system32;C:\WINDOWS;C:\WINDOWS\System32\Wbem;C:\WINDOWS\System32\WindowsPowerShell\v1.0\;C:\Program Files\TortoiseGit\bin;C:\Program Files (x86)\VisualSVN Server\bin;C:\Program Files\TortoiseSVN\bin;C:\Program Files\Java\jdk1.8.0_20\bin;C:\CTEX\UserData\miktex\bin;C:\CTEX\MiKTeX\miktex\bin;C:\CTEX\CTeX\ctex\bin;C:\CTEX\CTeX\cct\bin;C:\CTEX\CTeX\ty\bin;C:\CTEX\Ghostscript\gs9.05\bin;C:\CTEX\GSview\gsview;C:\CTEX\WinEdt;C:\Program Files (x86)\Nordic Semiconductor\nrf51\bin\;C:\Program Files (x86)\MySQL\MySQL Utilities\;C:\Program Files (x86)\MySQL\MySQL Utilities\Doctrine extensions for PHP\;D:\Program Files\gnuplot\binary;C:\Users\ydcun-psjs\svm\libsvm\tools;C:\Ruby23-x64\bin;C:/Users/ydcun-psjs/AppData/Local/GitHub/PortableGit_d76a6a98c9315931ec4927243517bc09e9b731a0/cmd;d:\Program Files\MATLAB\R2015b\runtime\win64;d:\Program Files\MATLAB\R2015b\bin;d:\Program Files\MATLAB\R2015b\polyspace\bin;C:\Program Files (x86)\Rational\common;C:\Program Files\nodejs\;C:\Program Files\Git\cmd;C:\Program Files\CMake\bin;C:\Program Files (x86)\NVIDIA Corporation\PhysX\Common;d:\Anaconda3;d:\Anaconda3\Scripts;d:\Anaconda3\Library\bin;C:\Program Files\NVIDIA GPU Computing Toolkit\CUDA\v8.0\lib\x64;C:\RailsInstaller\Git\cmd;C:\RailsInstaller\Ruby2.2.0\bin;C:\Users\ydcun-psjs\AppData\Local\atom\bin;C:\Users\ydcun-psjs\AppData\Roaming\npm;C:\Users\ydcun-psjs\AppData\Local\Microsoft\WindowsApps;C:\eclipse;
USERNAME=ydcun-psjs
OS=Windows_NT
PROCESSOR_IDENTIFIER=Intel64 Family 6 Model 58 Stepping 9, GenuineIntel



---------------  S Y S T E M  ---------------

OS: Windows 8.1 , 64 bit Build 9600 

CPU:total 8 (4 cores per cpu, 2 threads per core) family 6 model 58 stepping 9, cmov, cx8, fxsr, mmx, sse, sse2, sse3, ssse3, sse4.1, sse4.2, popcnt, avx, aes, clmul, erms, ht, tsc, tscinvbit, tscinv

Memory: 4k page, physical 8288616k(935280k free), swap 13695336k(12396k free)

vm_info: Java HotSpot(TM) 64-Bit Server VM (25.20-b23) for windows-amd64 JRE (1.8.0_20-b26), built on Jul 30 2014 13:51:23 by "java_re" with MS VC++ 10.0 (VS2010)

time: Wed Jan 11 22:25:27 2017
elapsed time: 4 seconds (0d 0h 0m 4s)

