#
# A fatal error has been detected by the Java Runtime Environment:
#
#  EXCEPTION_ACCESS_VIOLATION (0xc0000005) at pc=0x0000000056c69535, pid=3304, tid=5380
#
# JRE version: Java(TM) SE Runtime Environment (8.0_20-b26) (build 1.8.0_20-b26)
# Java VM: Java HotSpot(TM) 64-Bit Server VM (25.20-b23 mixed mode windows-amd64 compressed oops)
# Problematic frame:
# V  [jvm.dll+0x119535]
#
# Failed to write core dump. Minidumps are not enabled by default on client versions of Windows
#
# If you would like to submit a bug report, please visit:
#   http://bugreport.sun.com/bugreport/crash.jsp
#

---------------  T H R E A D  ---------------

Current thread (0x00000000138ee800):  JavaThread "JDWP Transport Listener: dt_socket" daemon [_thread_in_vm, id=5380, stack(0x0000000015f70000,0x0000000016070000)]

siginfo: ExceptionCode=0xc0000005, reading address 0xffffffffffffffff

Registers:
RAX=0x000000001606f101, RBX=0x00000000138ee800, RCX=0x003b77003b747369, RDX=0x0000000000000000
RSP=0x000000001606f0b0, RBP=0x003b77003b747369, RSI=0x000000001606f1c8, RDI=0x00000000029488d0
R8 =0x00000000138ee800, R9 =0x0000000000008000, R10=0x0000000000000000, R11=0x0000000015bf8b02
R12=0x0000000000000000, R13=0x00000000138ebe18, R14=0x0000000000000000, R15=0x0000000000000000
RIP=0x0000000056c69535, EFLAGS=0x0000000000010206

Top of Stack: (sp=0x000000001606f0b0)
0x000000001606f0b0:   00000000138ee800 00000000138ee800
0x000000001606f0c0:   000000001606f178 0000000056e6655b
0x000000001606f0d0:   00000000138ee800 0000000056e82dbd
0x000000001606f0e0:   0000000000000000 0000000056869149
0x000000001606f0f0:   00000000159f1078 0000000056872912
0x000000001606f100:   00000000138ee800 0000000000000000
0x000000001606f110:   0000000000000000 0000000000000000
0x000000001606f120:   003b77003b747369 0000000056871a09
0x000000001606f130:   000000001606f1c8 000000001606f1a0
0x000000001606f140:   0000000000000001 00000000159f1078
0x000000001606f150:   003b77003b747369 00000000568553b3
0x000000001606f160:   000000001606f290 0000000000000001
0x000000001606f170:   0000000000000001 00000000159f1078
0x000000001606f180:   0000000000000009 0000000000000000
0x000000001606f190:   0000000000000000 0000000000000000
0x000000001606f1a0:   0000000000000001 0000000056855571 

Instructions: (pc=0x0000000056c69535)
0x0000000056c69515:   cc cc cc cc cc cc cc cc cc cc cc 48 83 ec 28 48
0x0000000056c69525:   85 c9 75 07 33 c0 48 83 c4 28 c3 48 89 5c 24 20
0x0000000056c69535:   48 8b 19 48 85 db 74 20 48 83 fb 37 74 1a 48 8b
0x0000000056c69545:   13 48 8b cb ff 52 10 84 c0 74 0d 48 8b c3 48 8b 


Register to memory mapping:

RAX=0x000000001606f101 is pointing into the stack for thread: 0x00000000138ee800
RBX=0x00000000138ee800 is a thread
RCX=0x003b77003b747369 is an unknown value
RDX=0x0000000000000000 is an unknown value
RSP=0x000000001606f0b0 is pointing into the stack for thread: 0x00000000138ee800
RBP=0x003b77003b747369 is an unknown value
RSI=0x000000001606f1c8 is pointing into the stack for thread: 0x00000000138ee800
RDI=0x00000000029488d0 is an unknown value
R8 =0x00000000138ee800 is a thread
R9 =0x0000000000008000 is an unknown value
R10=0x0000000000000000 is an unknown value
R11=0x0000000015bf8b02 is an unknown value
R12=0x0000000000000000 is an unknown value
R13=0x00000000138ebe18 is an unknown value
R14=0x0000000000000000 is an unknown value
R15=0x0000000000000000 is an unknown value


Stack: [0x0000000015f70000,0x0000000016070000],  sp=0x000000001606f0b0,  free space=1020k
Native frames: (J=compiled Java code, j=interpreted, Vv=VM code, C=native code)
V  [jvm.dll+0x119535]
V  [jvm.dll+0x332dbd]
C  [jdwp.dll+0x21a09]
C  [jdwp.dll+0x53b3]
C  [jdwp.dll+0x5571]
C  [jdwp.dll+0xf09c]
C  [jdwp.dll+0x1f2c9]
C  [jdwp.dll+0x1f49e]
V  [jvm.dll+0x1aaa18]
V  [jvm.dll+0x22aac4]
V  [jvm.dll+0x283f5a]
C  [msvcr100.dll+0x21d9f]
C  [msvcr100.dll+0x21e3b]
C  [KERNEL32.DLL+0x8364]
C  [ntdll.dll+0x670d1]


---------------  P R O C E S S  ---------------

Java Threads: ( => current thread )
  0x00000000159e6000 JavaThread "Service Thread" daemon [_thread_blocked, id=2544, stack(0x0000000016670000,0x0000000016770000)]
  0x000000001596a000 JavaThread "C1 CompilerThread3" daemon [_thread_blocked, id=5616, stack(0x0000000016570000,0x0000000016670000)]
  0x0000000015968800 JavaThread "C2 CompilerThread2" daemon [_thread_blocked, id=13576, stack(0x0000000016470000,0x0000000016570000)]
  0x0000000015967800 JavaThread "C2 CompilerThread1" daemon [_thread_blocked, id=18604, stack(0x0000000016370000,0x0000000016470000)]
  0x000000001595c800 JavaThread "C2 CompilerThread0" daemon [_thread_blocked, id=19788, stack(0x0000000016270000,0x0000000016370000)]
  0x000000001594b800 JavaThread "JDWP Command Reader" daemon [_thread_in_native, id=13992, stack(0x0000000016170000,0x0000000016270000)]
  0x000000001594a000 JavaThread "JDWP Event Helper Thread" daemon [_thread_blocked, id=7736, stack(0x0000000016070000,0x0000000016170000)]
=>0x00000000138ee800 JavaThread "JDWP Transport Listener: dt_socket" daemon [_thread_in_vm, id=5380, stack(0x0000000015f70000,0x0000000016070000)]
  0x000000001593e000 JavaThread "Attach Listener" daemon [_thread_blocked, id=15588, stack(0x0000000015db0000,0x0000000015eb0000)]
  0x000000001593d800 JavaThread "Signal Dispatcher" daemon [_thread_blocked, id=7324, stack(0x0000000015cb0000,0x0000000015db0000)]
  0x00000000028da800 JavaThread "Finalizer" daemon [_thread_blocked, id=19396, stack(0x00000000157b0000,0x00000000158b0000)]
  0x00000000028d4000 JavaThread "Reference Handler" daemon [_thread_blocked, id=19352, stack(0x00000000156b0000,0x00000000157b0000)]
  0x000000000294e800 JavaThread "main" [_thread_blocked, id=12060, stack(0x0000000002340000,0x0000000002440000)]

Other Threads:
  0x00000000138d8800 VMThread [stack: 0x00000000155b0000,0x00000000156b0000] [id=7744]
  0x00000000159fa000 WatcherThread [stack: 0x0000000016770000,0x0000000016870000] [id=13916]

VM state:not at safepoint (normal execution)

VM Mutex/Monitor currently owned by a thread: None

Heap:
 PSYoungGen      total 46592K, used 5613K [0x00000000fa300000, 0x00000000fd700000, 0x0000000100000000)
  eden space 39936K, 14% used [0x00000000fa300000,0x00000000fa87b4e0,0x00000000fca00000)
  from space 6656K, 0% used [0x00000000fd080000,0x00000000fd080000,0x00000000fd700000)
  to   space 6656K, 0% used [0x00000000fca00000,0x00000000fca00000,0x00000000fd080000)
 ParOldGen       total 106496K, used 0K [0x00000000ee800000, 0x00000000f5000000, 0x00000000fa300000)
  object space 106496K, 0% used [0x00000000ee800000,0x00000000ee800000,0x00000000f5000000)
 Metaspace       used 3852K, capacity 4680K, committed 4864K, reserved 1056768K
  class space    used 399K, capacity 432K, committed 512K, reserved 1048576K

Card table byte_map: [0x0000000011d10000,0x0000000011da0000] byte_map_base: 0x000000001159c000

Marking Bits: (ParMarkBitMap*) 0x000000005732b460
 Begin Bits: [0x00000000125a0000, 0x0000000012a00000)
 End Bits:   [0x0000000012a00000, 0x0000000012e60000)

Polling page: 0x0000000000be0000

CodeCache: size=245760Kb used=1391Kb max_used=1391Kb free=244368Kb
 bounds [0x0000000002950000, 0x0000000002bc0000, 0x0000000011950000]
 total_blobs=389 nmethods=138 adapters=173
 compilation: enabled

Compilation events (10 events):
Event: 31.773 Thread 0x000000001596a000  134       3       java.util.LinkedHashMap::linkNodeLast (33 bytes)
Event: 31.773 Thread 0x000000001596a000 nmethod 134 0x0000000002aaa210 code [0x0000000002aaa380, 0x0000000002aaa590]
Event: 31.773 Thread 0x000000001596a000  131       3       java.util.LinkedHashMap::newNode (23 bytes)
Event: 31.774 Thread 0x000000001596a000 nmethod 131 0x0000000002aaa650 code [0x0000000002aaa7e0, 0x0000000002aaac10]
Event: 31.774 Thread 0x000000001596a000  135       3       java.util.LinkedHashMap::afterNodeInsertion (40 bytes)
Event: 31.774 Thread 0x000000001596a000 nmethod 135 0x0000000002aaae50 code [0x0000000002aaafe0, 0x0000000002aab528]
Event: 31.774 Thread 0x000000001596a000  132       3       java.util.LinkedHashMap::removeEldestEntry (2 bytes)
Event: 31.774 Thread 0x000000001596a000 nmethod 132 0x0000000002aab6d0 code [0x0000000002aab820, 0x0000000002aab970]
Event: 476.929 Thread 0x000000001596a000  137       3       java.util.concurrent.ConcurrentHashMap::setTabAt (19 bytes)
Event: 476.929 Thread 0x000000001596a000 nmethod 137 0x0000000002aac310 code [0x0000000002aac460, 0x0000000002aac5d0]

GC Heap History (0 events):
No events

Deoptimization events (0 events):
No events

Internal exceptions (10 events):
Event: 0.290 Thread 0x000000000294e800 Exception <a 'java/security/PrivilegedActionException'> (0x00000000fa72af08) thrown at [D:\re\workspace\8-2-build-windows-amd64-cygwin\jdk8u20\1074\hotspot\src\share\vm\prims\jvm.cpp, line 1275]
Event: 0.290 Thread 0x000000000294e800 Exception <a 'java/security/PrivilegedActionException'> (0x00000000fa72eb28) thrown at [D:\re\workspace\8-2-build-windows-amd64-cygwin\jdk8u20\1074\hotspot\src\share\vm\prims\jvm.cpp, line 1275]
Event: 0.295 Thread 0x000000000294e800 Exception <a 'java/security/PrivilegedActionException'> (0x00000000fa745618) thrown at [D:\re\workspace\8-2-build-windows-amd64-cygwin\jdk8u20\1074\hotspot\src\share\vm\prims\jvm.cpp, line 1275]
Event: 0.296 Thread 0x000000000294e800 Exception <a 'java/security/PrivilegedActionException'> (0x00000000fa748fe0) thrown at [D:\re\workspace\8-2-build-windows-amd64-cygwin\jdk8u20\1074\hotspot\src\share\vm\prims\jvm.cpp, line 1275]
Event: 0.298 Thread 0x000000000294e800 Exception <a 'java/security/PrivilegedActionException'> (0x00000000fa755d28) thrown at [D:\re\workspace\8-2-build-windows-amd64-cygwin\jdk8u20\1074\hotspot\src\share\vm\prims\jvm.cpp, line 1275]
Event: 0.298 Thread 0x000000000294e800 Exception <a 'java/security/PrivilegedActionException'> (0x00000000fa759c68) thrown at [D:\re\workspace\8-2-build-windows-amd64-cygwin\jdk8u20\1074\hotspot\src\share\vm\prims\jvm.cpp, line 1275]
Event: 0.298 Thread 0x000000000294e800 Exception <a 'java/security/PrivilegedActionException'> (0x00000000fa75f2a0) thrown at [D:\re\workspace\8-2-build-windows-amd64-cygwin\jdk8u20\1074\hotspot\src\share\vm\prims\jvm.cpp, line 1275]
Event: 0.298 Thread 0x000000000294e800 Exception <a 'java/security/PrivilegedActionException'> (0x00000000fa763310) thrown at [D:\re\workspace\8-2-build-windows-amd64-cygwin\jdk8u20\1074\hotspot\src\share\vm\prims\jvm.cpp, line 1275]
Event: 31.771 Thread 0x000000000294e800 Exception <a 'java/security/PrivilegedActionException'> (0x00000000fa78b660) thrown at [D:\re\workspace\8-2-build-windows-amd64-cygwin\jdk8u20\1074\hotspot\src\share\vm\prims\jvm.cpp, line 1275]
Event: 31.771 Thread 0x000000000294e800 Exception <a 'java/security/PrivilegedActionException'> (0x00000000fa78ef48) thrown at [D:\re\workspace\8-2-build-windows-amd64-cygwin\jdk8u20\1074\hotspot\src\share\vm\prims\jvm.cpp, line 1275]

Events (10 events):
Event: 583.272 Executing VM operation: ChangeBreakpoints
Event: 583.272 Executing VM operation: ChangeBreakpoints done
Event: 599.874 Executing VM operation: RedefineClasses
Event: 599.875 Executing VM operation: RedefineClasses done
Event: 599.880 Executing VM operation: ChangeBreakpoints
Event: 599.881 Executing VM operation: ChangeBreakpoints done
Event: 599.886 Executing VM operation: ChangeBreakpoints
Event: 599.886 Executing VM operation: ChangeBreakpoints done
Event: 622.919 Executing VM operation: RedefineClasses
Event: 622.920 Executing VM operation: RedefineClasses done


Dynamic libraries:
0x00007ff6fbfd0000 - 0x00007ff6fc004000 	C:\Program Files\Java\jdk1.8.0_20\jre\bin\javaw.exe
0x00007ff8b5b70000 - 0x00007ff8b5d41000 	C:\WINDOWS\SYSTEM32\ntdll.dll
0x00007ff8b4f90000 - 0x00007ff8b503b000 	C:\WINDOWS\System32\KERNEL32.DLL
0x00007ff8b2be0000 - 0x00007ff8b2dfd000 	C:\WINDOWS\System32\KERNELBASE.dll
0x00007ff8b0470000 - 0x00007ff8b04ea000 	C:\WINDOWS\system32\apphelp.dll
0x00007ff8b5240000 - 0x00007ff8b52e2000 	C:\WINDOWS\System32\ADVAPI32.dll
0x00007ff8b5300000 - 0x00007ff8b539e000 	C:\WINDOWS\System32\msvcrt.dll
0x00007ff8b5b10000 - 0x00007ff8b5b69000 	C:\WINDOWS\System32\sechost.dll
0x00007ff8b5070000 - 0x00007ff8b5191000 	C:\WINDOWS\System32\RPCRT4.dll
0x00007ff8b56b0000 - 0x00007ff8b5815000 	C:\WINDOWS\System32\USER32.dll
0x00007ff8b2980000 - 0x00007ff8b299e000 	C:\WINDOWS\System32\win32u.dll
0x00007ff8b4b20000 - 0x00007ff8b4b54000 	C:\WINDOWS\System32\GDI32.dll
0x00007ff8b2ef0000 - 0x00007ff8b3072000 	C:\WINDOWS\System32\gdi32full.dll
0x00007ff8a6680000 - 0x00007ff8a68f9000 	C:\WINDOWS\WinSxS\amd64_microsoft.windows.common-controls_6595b64144ccf1df_6.0.14393.447_none_42191651c6827bb3\COMCTL32.dll
0x00007ff8b47e0000 - 0x00007ff8b4aa8000 	C:\WINDOWS\System32\combase.dll
0x00007ff8b20f0000 - 0x00007ff8b21e5000 	C:\WINDOWS\System32\ucrtbase.dll
0x00007ff8b29a0000 - 0x00007ff8b2a0a000 	C:\WINDOWS\System32\bcryptPrimitives.dll
0x00007ff8b5820000 - 0x00007ff8b584e000 	C:\WINDOWS\System32\IMM32.DLL
0x0000000056890000 - 0x0000000056962000 	C:\Program Files\Java\jdk1.8.0_20\jre\bin\msvcr100.dll
0x0000000056b50000 - 0x00000000573a8000 	C:\Program Files\Java\jdk1.8.0_20\jre\bin\server\jvm.dll
0x00007ff8b5040000 - 0x00007ff8b5048000 	C:\WINDOWS\System32\PSAPI.DLL
0x00007ff8a2d60000 - 0x00007ff8a2d69000 	C:\WINDOWS\SYSTEM32\WSOCK32.dll
0x00007ff8b0440000 - 0x00007ff8b0463000 	C:\WINDOWS\SYSTEM32\WINMM.dll
0x00007ff8b31a0000 - 0x00007ff8b320a000 	C:\WINDOWS\System32\WS2_32.dll
0x0000000000bb0000 - 0x0000000000bdb000 	C:\WINDOWS\SYSTEM32\WINMMBASE.dll
0x00007ff8b2ea0000 - 0x00007ff8b2ee2000 	C:\WINDOWS\System32\cfgmgr32.dll
0x0000000056b40000 - 0x0000000056b4f000 	C:\Program Files\Java\jdk1.8.0_20\jre\bin\verify.dll
0x0000000056b10000 - 0x0000000056b38000 	C:\Program Files\Java\jdk1.8.0_20\jre\bin\java.dll
0x0000000056850000 - 0x0000000056885000 	C:\Program Files\Java\jdk1.8.0_20\jre\bin\jdwp.dll
0x0000000056840000 - 0x0000000056848000 	C:\Program Files\Java\jdk1.8.0_20\jre\bin\npt.dll
0x0000000056af0000 - 0x0000000056b06000 	C:\Program Files\Java\jdk1.8.0_20\jre\bin\zip.dll
0x00007ff8b3270000 - 0x00007ff8b4779000 	C:\WINDOWS\System32\SHELL32.dll
0x00007ff8b22a0000 - 0x00007ff8b297a000 	C:\WINDOWS\System32\windows.storage.dll
0x00007ff8b1fd0000 - 0x00007ff8b201c000 	C:\WINDOWS\System32\powrprof.dll
0x00007ff8b5ab0000 - 0x00007ff8b5b02000 	C:\WINDOWS\System32\shlwapi.dll
0x00007ff8b2030000 - 0x00007ff8b203f000 	C:\WINDOWS\System32\kernel.appcore.dll
0x00007ff8b2040000 - 0x00007ff8b20e9000 	C:\WINDOWS\System32\shcore.dll
0x00007ff8b1fb0000 - 0x00007ff8b1fc4000 	C:\WINDOWS\System32\profapi.dll
0x0000000056830000 - 0x0000000056839000 	C:\Program Files\Java\jdk1.8.0_20\jre\bin\dt_socket.dll
0x00007ff8a0b90000 - 0x00007ff8a0ba6000 	C:\WINDOWS\system32\napinsp.dll
0x00007ff8a0b70000 - 0x00007ff8a0b8a000 	C:\WINDOWS\system32\pnrpnsp.dll
0x00007ff8af940000 - 0x00007ff8af958000 	C:\WINDOWS\system32\NLAapi.dll
0x00007ff8b1850000 - 0x00007ff8b18ac000 	C:\WINDOWS\System32\mswsock.dll
0x00007ff8b1620000 - 0x00007ff8b16c0000 	C:\WINDOWS\SYSTEM32\DNSAPI.dll
0x00007ff8b52f0000 - 0x00007ff8b52f8000 	C:\WINDOWS\System32\NSI.dll
0x00007ff8b15e0000 - 0x00007ff8b1618000 	C:\WINDOWS\SYSTEM32\IPHLPAPI.DLL
0x00007ff8a0b60000 - 0x00007ff8a0b6e000 	C:\WINDOWS\System32\winrnr.dll
0x0000000058100000 - 0x0000000058126000 	C:\Program Files\Bonjour\mdnsNSP.dll
0x00007ff8a07d0000 - 0x00007ff8a07e5000 	C:\WINDOWS\System32\wshbth.dll
0x00007ff8aacf0000 - 0x00007ff8aad5a000 	C:\WINDOWS\System32\fwpuclnt.dll
0x00007ff8b1ef0000 - 0x00007ff8b1f1b000 	C:\WINDOWS\SYSTEM32\bcrypt.dll
0x00007ff8aa960000 - 0x00007ff8aa96a000 	C:\Windows\System32\rasadhlp.dll
0x00007ff8a28b0000 - 0x00007ff8a2a42000 	C:\WINDOWS\SYSTEM32\dbghelp.dll

VM Arguments:
jvm_args: -agentlib:jdwp=transport=dt_socket,suspend=y,address=localhost:4868 -Xms156m -Xmx280m -Dfile.encoding=UTF-8 
java_command: com.ydcun.tianchi.Main
java_class_path (initial): F:\workspace\GitHub\Java\java\target\classes;F:\workspace\GitHub\Java\java\jacob.jar;F:\workspace\GitHub\Java\java\sigar.jar;C:\eclipse\plugins\org.junit_4.12.0.v201504281640\junit.jar;C:\eclipse\plugins\org.hamcrest.core_1.3.0.v201303031735.jar;E:\sync\maven\repository\javax\servlet\servlet-api\2.5\servlet-api-2.5.jar;E:\sync\maven\repository\commons-beanutils\commons-beanutils\1.9.2\commons-beanutils-1.9.2.jar;E:\sync\maven\repository\commons-logging\commons-logging\1.1.1\commons-logging-1.1.1.jar;E:\sync\maven\repository\commons-collections\commons-collections\3.2.1\commons-collections-3.2.1.jar;E:\sync\maven\repository\mysql\mysql-connector-java\5.1.29\mysql-connector-java-5.1.29.jar;E:\sync\maven\repository\net\sourceforge\htmlunit\htmlunit\2.23\htmlunit-2.23.jar;E:\sync\maven\repository\xalan\xalan\2.7.2\xalan-2.7.2.jar;E:\sync\maven\repository\xalan\serializer\2.7.2\serializer-2.7.2.jar;E:\sync\maven\repository\org\apache\commons\commons-lang3\3.4\commons-lang3-3.4.jar;E:\sync\maven\repository\org\apache\httpcomponents\httpclient\4.5.2\httpclient-4.5.2.jar;E:\sync\maven\repository\org\apache\httpcomponents\httpcore\4.4.4\httpcore-4.4.4.jar;E:\sync\maven\repository\org\apache\httpcomponents\httpmime\4.5.2\httpmime-4.5.2.jar;E:\sync\maven\repository\commons-codec\commons-codec\1.10\commons-codec-1.10.jar;E:\sync\maven\repository\net\sourceforge\htmlunit\htmlunit-core-js\2.23\htmlunit-core-js-2.23.jar;E:\sync\maven\repository\net\sourceforge\htmlunit\neko-htmlunit\2.23\neko-htmlunit-2.23.jar;E:\sync\maven\repository\xerces\xercesImpl\2.11.0\xercesImpl-2.11.0.jar;E:\sync\maven\repository\xml-apis\xml-apis\1.4.01\xml-apis-1.4.01.jar;E:\sync\maven\repository\net\sourceforge\cssparser\cssparser\0.9.20\cssparser-0.9.20.jar;E:\sync\maven\repository\org\w3c\css\sac\1.3\sac-1.3.jar;E:\sync\maven\repository\commons-io\commons-io\2.5\commons-io-2.5.jar;E:\sync\maven\repository\org\eclipse\jetty\websocket\websocket-client\9.2.18.v20160721\webso
Launcher Type: SUN_STANDARD

Environment Variables:
JAVA_HOME=C:\Program Files\Java\jdk1.8.0_20
CLASSPATH=.;C:\Program Files\Java\jdk1.8.0_20\lib\dt.jar;C:\Program Files\Java\jdk1.8.0_20\lib\tools.jar
PATH=C:\Program Files\Java\jdk1.8.0_20\jre\bin;C:/Program Files/Java/jdk1.8.0_20/bin/../jre/bin/server;C:/Program Files/Java/jdk1.8.0_20/bin/../jre/bin;C:/Program Files/Java/jdk1.8.0_20/bin/../jre/lib/amd64;C:\WINDOWS\system32;C:\WINDOWS;C:\WINDOWS\System32\Wbem;C:\WINDOWS\System32\WindowsPowerShell\v1.0\;C:\Program Files\Java\jdk1.8.0_20\bin;C:\Program Files (x86)\OpenSSH\bin;C:\RailsInstaller\Git\cmd;C:\RailsInstaller\Ruby2.2.0\bin;C:\Users\ydcun-psjs\AppData\Local\atom\bin;C:\Users\ydcun-psjs\AppData\Roaming\npm;C:\Users\ydcun-psjs\AppData\Local\Microsoft\WindowsApps;C:\eclipse;
USERNAME=ydcun-psjs
OS=Windows_NT
PROCESSOR_IDENTIFIER=Intel64 Family 6 Model 58 Stepping 9, GenuineIntel



---------------  S Y S T E M  ---------------

OS: Windows 8.1 , 64 bit Build 9600 

CPU:total 8 (4 cores per cpu, 2 threads per core) family 6 model 58 stepping 9, cmov, cx8, fxsr, mmx, sse, sse2, sse3, ssse3, sse4.1, sse4.2, popcnt, avx, aes, clmul, erms, ht, tsc, tscinvbit, tscinv

Memory: 4k page, physical 8288616k(2694864k free), swap 10385768k(2705100k free)

vm_info: Java HotSpot(TM) 64-Bit Server VM (25.20-b23) for windows-amd64 JRE (1.8.0_20-b26), built on Jul 30 2014 13:51:23 by "java_re" with MS VC++ 10.0 (VS2010)

time: Thu Mar 02 02:49:33 2017
elapsed time: 622 seconds (0d 0h 10m 22s)

